2016-03-15 21:55:08,309 - __StockAsst.__ - INFO - STARING SCRAPING
2016-03-15 21:55:23,209 - __StockAsst.__ - INFO - DATA RETRIVED
2016-03-15 21:55:26,928 - __StockAsst.__ - INFO - Stock record added to DB
2016-03-26 01:07:44,012 - __StockAsst.__ - INFO - STARING SCRAPING
2016-03-26 01:08:08,394 - __StockAsst.__ - INFO - DATA RETRIVED
2016-03-26 01:08:12,278 - __StockAsst.__ - INFO - Stock record added to DB
2016-04-05 21:23:43,260 - __StockAsst.__ - INFO - STARING SCRAPING
2016-04-05 21:23:57,064 - __StockAsst.__ - INFO - STARING SCRAPING
2016-04-05 21:24:55,527 - __StockAsst.__ - INFO - DATA RETRIVED
2016-04-05 21:24:56,011 - __StockAsst.__ - INFO - DATA RETRIVED
2016-04-05 21:25:00,582 - __StockAsst.__ - INFO - Stock record added to DB
2016-04-05 21:25:01,366 - __StockAsst.__ - INFO - Stock record added to DB
2016-04-05 21:35:44,721 - __StockAsst.__ - INFO - STARING SCRAPING
2016-04-05 21:36:18,372 - __StockAsst.__ - INFO - DATA RETRIVED
2016-04-05 22:06:42,824 - __StockAsst.__ - INFO - STARING SCRAPING
2016-04-05 22:07:00,240 - __StockAsst.__ - INFO - DATA RETRIVED
2016-04-05 22:07:05,423 - __StockAsst.__ - INFO - Stock record added to DB
2016-04-05 22:10:05,435 - __StockAsst.__ - INFO - STARING SCRAPING
2016-04-05 22:10:25,702 - __StockAsst.__ - INFO - DATA RETRIVED
2016-04-05 22:10:30,676 - __StockAsst.__ - INFO - Stock record added to DB
2016-04-05 22:13:30,679 - __StockAsst.__ - INFO - STARING SCRAPING
2016-04-05 22:13:50,241 - __StockAsst.__ - INFO - DATA RETRIVED
2016-04-05 22:13:55,048 - __StockAsst.__ - INFO - Stock record added to DB
2016-04-05 22:16:55,051 - __StockAsst.__ - INFO - STARING SCRAPING
2016-04-05 22:17:16,251 - __StockAsst.__ - INFO - DATA RETRIVED
2016-04-05 22:17:21,067 - __StockAsst.__ - INFO - Stock record added to DB
2016-04-05 22:20:21,069 - __StockAsst.__ - INFO - STARING SCRAPING
2016-04-05 22:20:40,008 - __StockAsst.__ - INFO - DATA RETRIVED
2016-04-05 22:20:44,513 - __StockAsst.__ - INFO - Stock record added to DB
2016-04-05 22:25:03,757 - __StockAsst.__ - INFO - STARING SCRAPING
2016-04-05 22:25:22,949 - __StockAsst.__ - INFO - DATA RETRIVED
2016-04-05 22:25:27,644 - __StockAsst.__ - INFO - Stock record added to DB
2016-04-06 00:00:13,075 - __StockAsst.__ - INFO - Notification record added to DB
2016-04-06 00:00:17,189 - __StockAsst.__ - INFO - Notification record added to DB
2016-04-06 00:00:20,863 - __StockAsst.__ - INFO - Notification record added to DB
2016-04-06 00:00:24,632 - __StockAsst.__ - INFO - Notification record added to DB
2016-04-06 00:00:35,196 - __StockAsst.__ - INFO - Notification record added to DB
2016-04-06 00:00:38,860 - __StockAsst.__ - INFO - Notification record added to DB
2016-04-06 00:00:44,991 - __StockAsst.__ - INFO - Notification record added to DB
2016-04-06 00:02:01,437 - __StockAsst.__ - INFO - Notification record added to DB
2016-04-06 00:02:04,472 - __StockAsst.__ - INFO - Notification record added to DB
2016-04-06 00:02:08,320 - __StockAsst.__ - INFO - Notification record added to DB
2016-04-06 00:02:15,822 - __StockAsst.__ - INFO - Notification record added to DB
2016-04-06 00:02:19,736 - __StockAsst.__ - INFO - Notification record added to DB
2016-04-11 18:07:35,120 - __StockAsst.__ - INFO - STARING SCRAPING
2016-04-11 18:07:59,283 - __StockAsst.__ - INFO - DATA RETRIVED
2016-04-11 18:08:02,923 - __StockAsst.__ - INFO - Stock record added to DB
2016-04-11 20:07:36,853 - __StockAsst.__ - INFO - STARING SCRAPING
2016-04-11 20:10:46,597 - __StockAsst.__ - INFO - STARING SCRAPING
2016-04-11 20:13:12,918 - __StockAsst.__ - INFO - STARING SCRAPING
2016-04-11 20:13:37,287 - __StockAsst.__ - INFO - DATA RETRIVED
2016-04-11 20:13:44,072 - __StockAsst.__ - INFO - Stock record added to DB
2016-04-11 20:17:57,823 - __StockAsst.__ - INFO - STARING SCRAPING
2016-04-11 20:20:06,794 - __StockAsst.__ - INFO - STARING SCRAPING
2016-04-11 20:20:29,379 - __StockAsst.__ - INFO - DATA RETRIVED
2016-04-11 20:22:12,264 - __StockAsst.__ - INFO - STARING SCRAPING
2016-04-11 20:22:34,796 - __StockAsst.__ - INFO - DATA RETRIVED
2016-04-11 20:22:38,309 - __StockAsst.__ - INFO - Stock record added to DB
2016-04-12 18:00:51,898 - __StockAsst.__ - INFO - STARING SCRAPING
2016-04-12 18:04:36,894 - __StockAsst.__ - INFO - STARING SCRAPING
2016-04-12 18:08:44,577 - __StockAsst.__ - INFO - STARING SCRAPING
2016-04-12 18:09:59,615 - __StockAsst.__ - INFO - DATA RETRIVED
2016-04-12 18:10:41,454 - __StockAsst.__ - INFO - Stock record added to DB
